<?xml version="1.0" encoding="UTF-8"?>
<testsuite name="com.aej.ApplicationTest" tests="1" skipped="0" failures="0" errors="0" timestamp="2022-02-12T14:09:37" hostname="MacBook-Pro-Ruangguru.local" time="0.024">
  <properties/>
  <testcase name="testRoot" classname="com.aej.ApplicationTest" time="0.024"/>
  <system-out><![CDATA[]]></system-out>
  <system-err><![CDATA[]]></system-err>
</testsuite>
